<?xml version="1.0" encoding="UTF-8"?>
<!-- Generated by org.testng.reporters.JUnitReportReporter -->
<testsuite hostname="cjing" name="cjsjy.interfacetest.TestPostPhone" tests="1" failures="0" timestamp="18 Feb 2019 08:52:33 GMT" time="0.011" errors="0">
  <testcase name="testPostRequest" time="0.011" classname="cjsjy.interfacetest.TestPostPhone"/>
</testsuite> <!-- cjsjy.interfacetest.TestPostPhone -->
